<?xml version="1.0" encoding="UTF-8"?>
<testsuite name="PasswordChangerControllerTest" tests="1" skipped="0" failures="0" errors="0" timestamp="2020-10-23T16:27:20" hostname="arek-Acer-Aspire-5" time="0.019">
  <properties/>
  <testcase name="isSuite()" classname="PasswordChangerControllerTest" time="0.019"/>
  <system-out><![CDATA[]]></system-out>
  <system-err><![CDATA[]]></system-err>
</testsuite>
